1700274155.175178 client started (13144): version next-3.4, socket /tmp/tmux-1000/default, protocol 8
1700274155.175262 on Linux 5.15.0-88-generic #98-Ubuntu SMP Mon Oct 2 15:18:56 UTC 2023
1700274155.175277 using libevent 2.1.12-stable poll
1700274155.175289 using ncurses 6.3 20211021
1700274155.175353 flags are 0x18010000
1700274155.175367 socket is /tmp/tmux-1000/default
1700274155.175400 trying connect
1700274155.175690 add peer 0x5569c0473290: 6 ((nil))
1700274155.176812 sending message 100 to peer 0x5569c0473290 (4 bytes)
1700274155.176849 sending message 111 to peer 0x5569c0473290 (8 bytes)
1700274155.176863 sending message 101 to peer 0x5569c0473290 (15 bytes)
1700274155.176875 sending message 109 to peer 0x5569c0473290 (4 bytes)
1700274155.176887 sending message 102 to peer 0x5569c0473290 (11 bytes)
1700274155.176898 sending message 108 to peer 0x5569c0473290 (29 bytes)
1700274155.176911 sending message 112 to peer 0x5569c0473290 (58 bytes)
1700274155.176922 sending message 112 to peer 0x5569c0473290 (5 bytes)
1700274155.176934 sending message 112 to peer 0x5569c0473290 (5 bytes)
1700274155.176945 sending message 112 to peer 0x5569c0473290 (6 bytes)
1700274155.176956 sending message 112 to peer 0x5569c0473290 (6 bytes)
1700274155.176967 sending message 112 to peer 0x5569c0473290 (11 bytes)
1700274155.176979 sending message 112 to peer 0x5569c0473290 (10 bytes)
1700274155.176990 sending message 112 to peer 0x5569c0473290 (13 bytes)
1700274155.177001 sending message 112 to peer 0x5569c0473290 (14 bytes)
1700274155.177012 sending message 112 to peer 0x5569c0473290 (19 bytes)
1700274155.177023 sending message 112 to peer 0x5569c0473290 (11 bytes)
1700274155.177034 sending message 112 to peer 0x5569c0473290 (10 bytes)
1700274155.177045 sending message 112 to peer 0x5569c0473290 (15 bytes)
1700274155.177056 sending message 112 to peer 0x5569c0473290 (21 bytes)
1700274155.177067 sending message 112 to peer 0x5569c0473290 (13 bytes)
1700274155.177078 sending message 112 to peer 0x5569c0473290 (7 bytes)
1700274155.177090 sending message 112 to peer 0x5569c0473290 (13 bytes)
1700274155.177101 sending message 112 to peer 0x5569c0473290 (7 bytes)
1700274155.177113 sending message 112 to peer 0x5569c0473290 (13 bytes)
1700274155.177124 sending message 112 to peer 0x5569c0473290 (9 bytes)
1700274155.177135 sending message 112 to peer 0x5569c0473290 (21 bytes)
1700274155.177146 sending message 112 to peer 0x5569c0473290 (13 bytes)
1700274155.177157 sending message 112 to peer 0x5569c0473290 (9 bytes)
1700274155.177168 sending message 112 to peer 0x5569c0473290 (16 bytes)
1700274155.177179 sending message 112 to peer 0x5569c0473290 (13 bytes)
1700274155.177190 sending message 112 to peer 0x5569c0473290 (9 bytes)
1700274155.177201 sending message 112 to peer 0x5569c0473290 (9 bytes)
1700274155.177212 sending message 112 to peer 0x5569c0473290 (12 bytes)
1700274155.177223 sending message 112 to peer 0x5569c0473290 (8 bytes)
1700274155.177235 sending message 112 to peer 0x5569c0473290 (8 bytes)
1700274155.177246 sending message 112 to peer 0x5569c0473290 (13 bytes)
1700274155.177257 sending message 112 to peer 0x5569c0473290 (7 bytes)
1700274155.177268 sending message 112 to peer 0x5569c0473290 (7 bytes)
1700274155.177279 sending message 112 to peer 0x5569c0473290 (9 bytes)
1700274155.177290 sending message 112 to peer 0x5569c0473290 (9 bytes)
1700274155.177301 sending message 112 to peer 0x5569c0473290 (15 bytes)
1700274155.177313 sending message 112 to peer 0x5569c0473290 (13 bytes)
1700274155.177324 sending message 112 to peer 0x5569c0473290 (12 bytes)
1700274155.177335 sending message 112 to peer 0x5569c0473290 (8 bytes)
1700274155.177346 sending message 112 to peer 0x5569c0473290 (14 bytes)
1700274155.177357 sending message 112 to peer 0x5569c0473290 (11 bytes)
1700274155.177368 sending message 112 to peer 0x5569c0473290 (9 bytes)
1700274155.177379 sending message 112 to peer 0x5569c0473290 (10 bytes)
1700274155.177390 sending message 112 to peer 0x5569c0473290 (10 bytes)
1700274155.177401 sending message 112 to peer 0x5569c0473290 (10 bytes)
1700274155.177435 sending message 112 to peer 0x5569c0473290 (10 bytes)
1700274155.177447 sending message 112 to peer 0x5569c0473290 (11 bytes)
1700274155.177458 sending message 112 to peer 0x5569c0473290 (12 bytes)
1700274155.177469 sending message 112 to peer 0x5569c0473290 (12 bytes)
1700274155.177480 sending message 112 to peer 0x5569c0473290 (12 bytes)
1700274155.177492 sending message 112 to peer 0x5569c0473290 (12 bytes)
1700274155.177503 sending message 112 to peer 0x5569c0473290 (12 bytes)
1700274155.177514 sending message 112 to peer 0x5569c0473290 (11 bytes)
1700274155.177525 sending message 112 to peer 0x5569c0473290 (11 bytes)
1700274155.177536 sending message 112 to peer 0x5569c0473290 (12 bytes)
1700274155.177547 sending message 112 to peer 0x5569c0473290 (12 bytes)
1700274155.177559 sending message 112 to peer 0x5569c0473290 (12 bytes)
1700274155.177570 sending message 112 to peer 0x5569c0473290 (12 bytes)
1700274155.177581 sending message 112 to peer 0x5569c0473290 (12 bytes)
1700274155.177592 sending message 112 to peer 0x5569c0473290 (9 bytes)
1700274155.177603 sending message 112 to peer 0x5569c0473290 (12 bytes)
1700274155.177614 sending message 112 to peer 0x5569c0473290 (13 bytes)
1700274155.177626 sending message 112 to peer 0x5569c0473290 (13 bytes)
1700274155.177637 sending message 112 to peer 0x5569c0473290 (13 bytes)
1700274155.177648 sending message 112 to peer 0x5569c0473290 (13 bytes)
1700274155.177659 sending message 112 to peer 0x5569c0473290 (13 bytes)
1700274155.177670 sending message 112 to peer 0x5569c0473290 (8 bytes)
1700274155.177682 sending message 112 to peer 0x5569c0473290 (11 bytes)
1700274155.177693 sending message 112 to peer 0x5569c0473290 (11 bytes)
1700274155.177704 sending message 112 to peer 0x5569c0473290 (11 bytes)
1700274155.177716 sending message 112 to peer 0x5569c0473290 (12 bytes)
1700274155.177727 sending message 112 to peer 0x5569c0473290 (12 bytes)
1700274155.177738 sending message 112 to peer 0x5569c0473290 (12 bytes)
1700274155.177749 sending message 112 to peer 0x5569c0473290 (12 bytes)
1700274155.177760 sending message 112 to peer 0x5569c0473290 (13 bytes)
1700274155.177771 sending message 112 to peer 0x5569c0473290 (13 bytes)
1700274155.177783 sending message 112 to peer 0x5569c0473290 (13 bytes)
1700274155.177794 sending message 112 to peer 0x5569c0473290 (8 bytes)
1700274155.177806 sending message 112 to peer 0x5569c0473290 (13 bytes)
1700274155.177817 sending message 112 to peer 0x5569c0473290 (13 bytes)
1700274155.177828 sending message 112 to peer 0x5569c0473290 (13 bytes)
1700274155.177839 sending message 112 to peer 0x5569c0473290 (13 bytes)
1700274155.177851 sending message 112 to peer 0x5569c0473290 (13 bytes)
1700274155.177862 sending message 112 to peer 0x5569c0473290 (12 bytes)
1700274155.177873 sending message 112 to peer 0x5569c0473290 (12 bytes)
1700274155.177884 sending message 112 to peer 0x5569c0473290 (12 bytes)
1700274155.177895 sending message 112 to peer 0x5569c0473290 (12 bytes)
1700274155.177907 sending message 112 to peer 0x5569c0473290 (13 bytes)
1700274155.177918 sending message 112 to peer 0x5569c0473290 (8 bytes)
1700274155.177929 sending message 112 to peer 0x5569c0473290 (13 bytes)
1700274155.177940 sending message 112 to peer 0x5569c0473290 (13 bytes)
1700274155.177952 sending message 112 to peer 0x5569c0473290 (13 bytes)
1700274155.177963 sending message 112 to peer 0x5569c0473290 (13 bytes)
1700274155.177974 sending message 112 to peer 0x5569c0473290 (13 bytes)
1700274155.177985 sending message 112 to peer 0x5569c0473290 (13 bytes)
1700274155.177996 sending message 112 to peer 0x5569c0473290 (13 bytes)
1700274155.178008 sending message 112 to peer 0x5569c0473290 (12 bytes)
1700274155.178019 sending message 112 to peer 0x5569c0473290 (12 bytes)
1700274155.178030 sending message 112 to peer 0x5569c0473290 (12 bytes)
1700274155.178041 sending message 112 to peer 0x5569c0473290 (8 bytes)
1700274155.178053 sending message 112 to peer 0x5569c0473290 (12 bytes)
1700274155.178064 sending message 112 to peer 0x5569c0473290 (13 bytes)
1700274155.178087 sending message 112 to peer 0x5569c0473290 (13 bytes)
1700274155.178099 sending message 112 to peer 0x5569c0473290 (13 bytes)
1700274155.178110 sending message 112 to peer 0x5569c0473290 (13 bytes)
1700274155.178121 sending message 112 to peer 0x5569c0473290 (13 bytes)
1700274155.178132 sending message 112 to peer 0x5569c0473290 (13 bytes)
1700274155.178143 sending message 112 to peer 0x5569c0473290 (13 bytes)
1700274155.178154 sending message 112 to peer 0x5569c0473290 (13 bytes)
1700274155.178165 sending message 112 to peer 0x5569c0473290 (12 bytes)
1700274155.178176 sending message 112 to peer 0x5569c0473290 (10 bytes)
1700274155.178187 sending message 112 to peer 0x5569c0473290 (12 bytes)
1700274155.178199 sending message 112 to peer 0x5569c0473290 (12 bytes)
1700274155.178210 sending message 112 to peer 0x5569c0473290 (12 bytes)
1700274155.178221 sending message 112 to peer 0x5569c0473290 (13 bytes)
1700274155.178232 sending message 112 to peer 0x5569c0473290 (13 bytes)
1700274155.178243 sending message 112 to peer 0x5569c0473290 (13 bytes)
1700274155.178254 sending message 112 to peer 0x5569c0473290 (13 bytes)
1700274155.178265 sending message 112 to peer 0x5569c0473290 (13 bytes)
1700274155.178276 sending message 112 to peer 0x5569c0473290 (13 bytes)
1700274155.178287 sending message 112 to peer 0x5569c0473290 (13 bytes)
1700274155.178298 sending message 112 to peer 0x5569c0473290 (10 bytes)
1700274155.178310 sending message 112 to peer 0x5569c0473290 (13 bytes)
1700274155.178321 sending message 112 to peer 0x5569c0473290 (12 bytes)
1700274155.178332 sending message 112 to peer 0x5569c0473290 (12 bytes)
1700274155.178343 sending message 112 to peer 0x5569c0473290 (12 bytes)
1700274155.178354 sending message 112 to peer 0x5569c0473290 (10 bytes)
1700274155.178365 sending message 112 to peer 0x5569c0473290 (10 bytes)
1700274155.178376 sending message 112 to peer 0x5569c0473290 (10 bytes)
1700274155.178387 sending message 112 to peer 0x5569c0473290 (12 bytes)
1700274155.178399 sending message 112 to peer 0x5569c0473290 (13 bytes)
1700274155.178410 sending message 112 to peer 0x5569c0473290 (13 bytes)
1700274155.178421 sending message 112 to peer 0x5569c0473290 (13 bytes)
1700274155.178432 sending message 112 to peer 0x5569c0473290 (13 bytes)
1700274155.178443 sending message 112 to peer 0x5569c0473290 (13 bytes)
1700274155.178454 sending message 112 to peer 0x5569c0473290 (10 bytes)
1700274155.178465 sending message 112 to peer 0x5569c0473290 (11 bytes)
1700274155.178476 sending message 112 to peer 0x5569c0473290 (12 bytes)
1700274155.178487 sending message 112 to peer 0x5569c0473290 (12 bytes)
1700274155.178499 sending message 112 to peer 0x5569c0473290 (12 bytes)
1700274155.178510 sending message 112 to peer 0x5569c0473290 (12 bytes)
1700274155.178521 sending message 112 to peer 0x5569c0473290 (12 bytes)
1700274155.178532 sending message 112 to peer 0x5569c0473290 (11 bytes)
1700274155.178543 sending message 112 to peer 0x5569c0473290 (12 bytes)
1700274155.178554 sending message 112 to peer 0x5569c0473290 (12 bytes)
1700274155.178565 sending message 112 to peer 0x5569c0473290 (13 bytes)
1700274155.178576 sending message 112 to peer 0x5569c0473290 (13 bytes)
1700274155.178587 sending message 112 to peer 0x5569c0473290 (13 bytes)
1700274155.178599 sending message 112 to peer 0x5569c0473290 (13 bytes)
1700274155.178610 sending message 112 to peer 0x5569c0473290 (13 bytes)
1700274155.178621 sending message 112 to peer 0x5569c0473290 (10 bytes)
1700274155.178632 sending message 112 to peer 0x5569c0473290 (9 bytes)
1700274155.178643 sending message 112 to peer 0x5569c0473290 (12 bytes)
1700274155.178654 sending message 112 to peer 0x5569c0473290 (13 bytes)
1700274155.178665 sending message 112 to peer 0x5569c0473290 (13 bytes)
1700274155.178677 sending message 112 to peer 0x5569c0473290 (13 bytes)
1700274155.178688 sending message 112 to peer 0x5569c0473290 (13 bytes)
1700274155.178699 sending message 112 to peer 0x5569c0473290 (13 bytes)
1700274155.178710 sending message 112 to peer 0x5569c0473290 (9 bytes)
1700274155.178731 sending message 112 to peer 0x5569c0473290 (12 bytes)
1700274155.178743 sending message 112 to peer 0x5569c0473290 (13 bytes)
1700274155.178754 sending message 112 to peer 0x5569c0473290 (13 bytes)
1700274155.178765 sending message 112 to peer 0x5569c0473290 (13 bytes)
1700274155.178776 sending message 112 to peer 0x5569c0473290 (13 bytes)
1700274155.178787 sending message 112 to peer 0x5569c0473290 (13 bytes)
1700274155.178798 sending message 112 to peer 0x5569c0473290 (11 bytes)
1700274155.178810 sending message 112 to peer 0x5569c0473290 (12 bytes)
1700274155.178821 sending message 112 to peer 0x5569c0473290 (13 bytes)
1700274155.178832 sending message 112 to peer 0x5569c0473290 (13 bytes)
1700274155.178843 sending message 112 to peer 0x5569c0473290 (13 bytes)
1700274155.178854 sending message 112 to peer 0x5569c0473290 (13 bytes)
1700274155.178865 sending message 112 to peer 0x5569c0473290 (13 bytes)
1700274155.178876 sending message 112 to peer 0x5569c0473290 (11 bytes)
1700274155.178888 sending message 112 to peer 0x5569c0473290 (12 bytes)
1700274155.178899 sending message 112 to peer 0x5569c0473290 (12 bytes)
1700274155.178911 sending message 112 to peer 0x5569c0473290 (12 bytes)
1700274155.178923 sending message 112 to peer 0x5569c0473290 (12 bytes)
1700274155.178935 sending message 112 to peer 0x5569c0473290 (12 bytes)
1700274155.178947 sending message 112 to peer 0x5569c0473290 (21 bytes)
1700274155.178959 sending message 112 to peer 0x5569c0473290 (12 bytes)
1700274155.178970 sending message 112 to peer 0x5569c0473290 (9 bytes)
1700274155.178982 sending message 112 to peer 0x5569c0473290 (6 bytes)
1700274155.178993 sending message 112 to peer 0x5569c0473290 (13 bytes)
1700274155.179005 sending message 112 to peer 0x5569c0473290 (10 bytes)
1700274155.179017 sending message 112 to peer 0x5569c0473290 (24 bytes)
1700274155.179029 sending message 112 to peer 0x5569c0473290 (13 bytes)
1700274155.179040 sending message 112 to peer 0x5569c0473290 (9 bytes)
1700274155.179052 sending message 112 to peer 0x5569c0473290 (70 bytes)
1700274155.179063 sending message 112 to peer 0x5569c0473290 (69 bytes)
1700274155.179075 sending message 112 to peer 0x5569c0473290 (12 bytes)
1700274155.179087 sending message 112 to peer 0x5569c0473290 (10 bytes)
1700274155.179099 sending message 112 to peer 0x5569c0473290 (10 bytes)
1700274155.179111 sending message 112 to peer 0x5569c0473290 (24 bytes)
1700274155.179123 sending message 112 to peer 0x5569c0473290 (13 bytes)
1700274155.179134 sending message 112 to peer 0x5569c0473290 (10 bytes)
1700274155.179145 sending message 112 to peer 0x5569c0473290 (10 bytes)
1700274155.179157 sending message 112 to peer 0x5569c0473290 (10 bytes)
1700274155.179168 sending message 112 to peer 0x5569c0473290 (13 bytes)
1700274155.179179 sending message 112 to peer 0x5569c0473290 (15 bytes)
1700274155.179191 sending message 112 to peer 0x5569c0473290 (5 bytes)
1700274155.179205 sending message 104 to peer 0x5569c0473290 (0 bytes)
1700274155.179219 sending message 110 to peer 0x5569c0473290 (0 bytes)
1700274155.179233 sending message 107 to peer 0x5569c0473290 (4 bytes)
1700274155.179245 sending message 105 to peer 0x5569c0473290 (20 bytes)
1700274155.179257 sending message 105 to peer 0x5569c0473290 (16 bytes)
1700274155.179269 sending message 105 to peer 0x5569c0473290 (88 bytes)
1700274155.179282 sending message 105 to peer 0x5569c0473290 (18 bytes)
1700274155.179293 sending message 105 to peer 0x5569c0473290 (19 bytes)
1700274155.179305 sending message 105 to peer 0x5569c0473290 (20 bytes)
1700274155.179316 sending message 105 to peer 0x5569c0473290 (43 bytes)
1700274155.179328 sending message 105 to peer 0x5569c0473290 (58 bytes)
1700274155.179340 sending message 105 to peer 0x5569c0473290 (22 bytes)
1700274155.179351 sending message 105 to peer 0x5569c0473290 (20 bytes)
1700274155.179363 sending message 105 to peer 0x5569c0473290 (15 bytes)
1700274155.179374 sending message 105 to peer 0x5569c0473290 (52 bytes)
1700274155.179385 sending message 105 to peer 0x5569c0473290 (47 bytes)
1700274155.179407 sending message 105 to peer 0x5569c0473290 (21 bytes)
1700274155.179419 sending message 105 to peer 0x5569c0473290 (19 bytes)
1700274155.179430 sending message 105 to peer 0x5569c0473290 (28 bytes)
1700274155.179441 sending message 105 to peer 0x5569c0473290 (15 bytes)
1700274155.179453 sending message 105 to peer 0x5569c0473290 (33 bytes)
1700274155.179465 sending message 105 to peer 0x5569c0473290 (25 bytes)
1700274155.179477 sending message 105 to peer 0x5569c0473290 (18 bytes)
1700274155.179488 sending message 105 to peer 0x5569c0473290 (27 bytes)
1700274155.179499 sending message 105 to peer 0x5569c0473290 (21 bytes)
1700274155.179510 sending message 105 to peer 0x5569c0473290 (39 bytes)
1700274155.179521 sending message 105 to peer 0x5569c0473290 (53 bytes)
1700274155.179532 sending message 105 to peer 0x5569c0473290 (15 bytes)
1700274155.179544 sending message 105 to peer 0x5569c0473290 (21 bytes)
1700274155.179555 sending message 105 to peer 0x5569c0473290 (17 bytes)
1700274155.179565 sending message 105 to peer 0x5569c0473290 (11 bytes)
1700274155.179576 sending message 105 to peer 0x5569c0473290 (25 bytes)
1700274155.179588 sending message 105 to peer 0x5569c0473290 (52 bytes)
1700274155.179599 sending message 105 to peer 0x5569c0473290 (58 bytes)
1700274155.179610 sending message 105 to peer 0x5569c0473290 (34 bytes)
1700274155.179621 sending message 105 to peer 0x5569c0473290 (23 bytes)
1700274155.179640 sending message 105 to peer 0x5569c0473290 (20 bytes)
1700274155.179652 sending message 105 to peer 0x5569c0473290 (49 bytes)
1700274155.179664 sending message 105 to peer 0x5569c0473290 (32 bytes)
1700274155.179675 sending message 105 to peer 0x5569c0473290 (15 bytes)
1700274155.179686 sending message 105 to peer 0x5569c0473290 (13 bytes)
1700274155.179697 sending message 105 to peer 0x5569c0473290 (8 bytes)
1700274155.179709 sending message 105 to peer 0x5569c0473290 (18 bytes)
1700274155.179720 sending message 105 to peer 0x5569c0473290 (11 bytes)
1700274155.179731 sending message 105 to peer 0x5569c0473290 (18 bytes)
1700274155.179742 sending message 105 to peer 0x5569c0473290 (31 bytes)
1700274155.179753 sending message 105 to peer 0x5569c0473290 (27 bytes)
1700274155.179764 sending message 105 to peer 0x5569c0473290 (30 bytes)
1700274155.179776 sending message 105 to peer 0x5569c0473290 (141 bytes)
1700274155.179788 sending message 105 to peer 0x5569c0473290 (158 bytes)
1700274155.179799 sending message 105 to peer 0x5569c0473290 (39 bytes)
1700274155.179817 sending message 105 to peer 0x5569c0473290 (16 bytes)
1700274155.179829 sending message 105 to peer 0x5569c0473290 (54 bytes)
1700274155.179840 sending message 105 to peer 0x5569c0473290 (29 bytes)
1700274155.179851 sending message 105 to peer 0x5569c0473290 (23 bytes)
1700274155.179882 sending message 105 to peer 0x5569c0473290 (22 bytes)
1700274155.179899 sending message 106 to peer 0x5569c0473290 (0 bytes)
1700274155.180119 sending message 200 to peer 0x5569c0473290 (4 bytes)
1700274155.180150 client loop enter
1700274155.184883 peer 0x5569c0473290 message 207
1700274155.184923 sending message 208 to peer 0x5569c0473290 (0 bytes)
1700274405.744207 peer 0x5569c0473290 message 210
1700274405.744233 sending message 205 to peer 0x5569c0473290 (0 bytes)
1700274405.744584 peer 0x5569c0473290 message 204
1700274405.744597 client loop exit
